SF:lib\data\datasource\app_remote_data_source.dart
DA:23,1
DA:25,0
DA:27,0
DA:29,0
DA:30,0
DA:31,0
DA:32,0
DA:34,0
DA:37,0
DA:38,0
DA:39,0
DA:41,0
DA:47,1
DA:49,1
DA:50,4
DA:51,1
DA:52,4
DA:56,1
DA:58,1
DA:59,4
DA:60,2
DA:61,3
DA:66,1
DA:68,1
DA:69,4
DA:70,2
DA:71,3
DA:76,1
DA:78,1
DA:79,4
DA:80,2
DA:81,3
LF:32
LH:21
end_of_record
SF:lib\data\model\response\album_detail_model.dart
DA:7,0
DA:9,1
DA:10,2
DA:11,2
DA:12,2
DA:13,2
DA:16,0
DA:17,0
DA:18,0
DA:19,0
DA:20,0
DA:21,0
LF:12
LH:5
end_of_record
SF:lib\data\model\response\album_model.dart
DA:9,1
DA:11,1
DA:12,2
DA:13,2
DA:14,2
DA:15,2
DA:18,0
DA:19,0
DA:20,0
DA:21,0
DA:22,0
DA:23,0
DA:27,1
DA:28,1
DA:29,1
DA:30,1
DA:31,1
DA:32,1
LF:18
LH:12
end_of_record
SF:lib\data\model\response\comment_model.dart
DA:6,0
DA:8,1
DA:9,2
DA:10,2
DA:11,2
DA:14,0
DA:15,0
DA:16,0
DA:17,0
DA:18,0
LF:10
LH:4
end_of_record
SF:lib\data\model\response\post_model.dart
DA:9,1
DA:11,1
DA:12,2
DA:13,2
DA:14,2
DA:15,2
DA:18,0
DA:19,0
DA:20,0
DA:21,0
DA:22,0
DA:23,0
DA:27,1
DA:28,1
DA:29,1
DA:30,1
DA:31,1
DA:32,1
LF:18
LH:12
end_of_record
SF:lib\data\base\base_remote_data_source.dart
DA:17,1
DA:19,1
DA:26,2
DA:27,3
DA:29,0
DA:31,0
DA:32,0
DA:33,0
DA:34,0
DA:35,0
DA:36,0
DA:38,0
DA:39,0
DA:42,0
LF:14
LH:4
end_of_record
SF:lib\environment\environment.dart
DA:6,0
DA:7,0
DA:9,0
DA:16,0
DA:17,0
DA:20,0
DA:21,0
LF:7
LH:0
end_of_record
SF:lib\util\exception.dart
DA:4,1
DA:10,0
DA:16,0
DA:22,0
LF:4
LH:1
end_of_record
SF:lib\data\model\request\login_request.dart
DA:5,0
DA:7,0
DA:8,0
DA:9,0
DA:12,0
DA:13,0
DA:14,0
DA:15,0
LF:8
LH:0
end_of_record
SF:lib\data\model\response\profile_model.dart
DA:6,1
DA:8,0
DA:9,0
DA:10,0
DA:11,0
DA:14,0
DA:15,0
DA:16,0
DA:17,0
DA:18,0
LF:10
LH:1
end_of_record
SF:lib\domain\entity\album.dart
DA:4,1
DA:18,1
DA:19,6
LF:3
LH:3
end_of_record
SF:lib\domain\entity\post.dart
DA:4,1
DA:18,1
DA:19,6
LF:3
LH:3
end_of_record
SF:lib\data\repository\app_repository_impl.dart
DA:18,1
DA:24,0
DA:29,0
DA:30,0
DA:31,0
DA:38,1
DA:40,2
DA:41,2
DA:43,4
DA:47,0
DA:51,0
DA:52,0
DA:58,1
DA:60,2
DA:61,2
DA:63,4
DA:67,0
DA:71,0
DA:72,0
LF:19
LH:9
end_of_record
SF:lib\util\failure.dart
DA:7,2
DA:9,1
DA:10,2
DA:14,3
DA:18,3
DA:22,0
DA:26,0
LF:7
LH:5
end_of_record
SF:lib\screen\album\album_notifier.dart
DA:13,0
DA:17,0
DA:21,0
DA:25,0
DA:29,0
DA:31,0
DA:32,0
DA:33,0
DA:35,0
DA:37,0
DA:38,0
DA:39,0
DA:40,0
DA:41,0
DA:43,0
DA:44,0
DA:45,0
DA:47,0
DA:48,0
DA:53,0
DA:54,0
DA:55,0
DA:57,0
DA:59,0
DA:60,0
DA:61,0
DA:62,0
DA:63,0
DA:65,0
DA:66,0
DA:67,0
DA:69,0
DA:70,0
DA:75,0
DA:76,0
DA:77,0
DA:78,0
DA:80,0
DA:81,0
DA:83,0
DA:90,0
DA:91,0
DA:92,0
DA:95,0
DA:98,0
LF:45
LH:0
end_of_record
SF:lib\screen\post\post_notifier.dart
DA:12,0
DA:16,0
DA:20,0
DA:24,0
DA:28,0
DA:30,0
DA:31,0
DA:32,0
DA:34,0
DA:36,0
DA:37,0
DA:38,0
DA:39,0
DA:40,0
DA:42,0
DA:43,0
DA:44,0
DA:46,0
DA:47,0
DA:52,0
DA:53,0
DA:54,0
DA:56,0
DA:58,0
DA:59,0
DA:60,0
DA:61,0
DA:62,0
DA:64,0
DA:65,0
DA:66,0
DA:68,0
DA:69,0
DA:74,0
DA:75,0
DA:76,0
DA:77,0
DA:79,0
DA:80,0
DA:82,0
DA:89,0
DA:90,0
DA:91,0
DA:94,0
DA:97,0
LF:45
LH:0
end_of_record
SF:lib\data\base\base_repository.dart
DA:8,1
DA:10,1
DA:11,1
DA:12,1
DA:13,3
DA:14,1
DA:15,3
DA:16,0
DA:17,0
LF:9
LH:7
end_of_record
SF:lib\domain\usecase\remote\get_myalbum_list.dart
DA:10,1
DA:12,1
DA:13,2
LF:3
LH:3
end_of_record
SF:lib\domain\usecase\remote\get_myalbumdetail_list.dart
DA:10,1
DA:12,1
DA:13,2
LF:3
LH:3
end_of_record
SF:lib\domain\usecase\remote\get_mycommentpost_list.dart
DA:9,1
DA:11,1
DA:12,2
LF:3
LH:3
end_of_record
SF:lib\domain\usecase\remote\get_mypost_list.dart
DA:11,1
DA:13,1
DA:14,2
LF:3
LH:3
end_of_record
SF:lib\screen\base\base_notifier.dart
DA:7,0
DA:11,0
DA:13,0
DA:14,0
DA:17,0
DA:18,0
LF:6
LH:0
end_of_record
SF:lib\domain\usecase\remote\get_login.dart
DA:9,1
DA:11,1
DA:12,2
LF:3
LH:3
end_of_record
SF:lib\screen\post\post_detail_screen.dart
DA:10,0
DA:12,0
DA:13,0
DA:17,0
DA:19,0
DA:21,0
DA:22,0
DA:23,0
DA:25,0
DA:29,0
DA:31,0
DA:32,0
DA:33,0
DA:34,0
DA:35,0
DA:37,0
DA:40,0
DA:41,0
DA:42,0
DA:45,0
DA:46,0
DA:47,0
DA:48,0
DA:49,0
DA:50,0
DA:56,0
DA:57,0
DA:58,0
DA:59,0
DA:60,0
DA:67,0
DA:68,0
DA:69,0
DA:72,0
DA:73,0
DA:74,0
DA:75,0
DA:76,0
DA:82,0
DA:83,0
DA:84,0
DA:85,0
DA:89,0
DA:95,0
DA:101,0
DA:102,0
DA:103,0
DA:104,0
DA:106,0
DA:107,0
DA:108,0
DA:110,0
DA:111,0
DA:112,0
DA:113,0
DA:114,0
DA:116,0
DA:117,0
DA:118,0
LF:59
LH:0
end_of_record
SF:lib\screen\post\post_screen.dart
DA:9,3
DA:11,1
DA:12,1
DA:19,1
DA:21,1
DA:22,1
DA:25,1
DA:26,2
DA:27,0
DA:28,0
DA:29,0
DA:34,1
DA:36,1
DA:38,1
DA:39,1
DA:41,2
DA:43,1
DA:44,1
DA:45,1
DA:46,1
DA:47,0
DA:48,0
DA:51,0
DA:53,1
DA:54,0
DA:55,0
DA:57,0
DA:60,2
LF:28
LH:19
end_of_record
SF:lib\widget\post_item.dart
DA:11,0
DA:13,0
DA:15,0
DA:16,0
DA:17,0
DA:19,0
DA:20,0
DA:24,0
DA:25,0
DA:26,0
DA:28,0
DA:29,0
DA:30,0
DA:31,0
DA:33,0
DA:37,0
DA:39,0
DA:40,0
DA:43,0
DA:44,0
DA:45,0
DA:46,0
DA:47,0
DA:53,0
DA:54,0
DA:55,0
DA:57,0
DA:58,0
DA:62,0
DA:63,0
DA:64,0
DA:65,0
LF:32
LH:0
end_of_record
SF:lib\app.dart
DA:17,3
DA:19,0
DA:20,0
DA:21,0
DA:30,0
DA:31,0
DA:32,0
DA:34,0
DA:43,0
DA:45,0
DA:47,0
DA:49,0
DA:51,0
DA:52,0
DA:53,0
DA:54,0
DA:55,0
DA:57,0
DA:58,0
DA:59,0
DA:64,0
DA:65,0
LF:22
LH:1
end_of_record
SF:lib\screen\login\login_notifier.dart
DA:12,0
DA:17,0
DA:21,0
DA:23,0
DA:28,0
DA:29,0
DA:31,0
DA:33,0
DA:34,0
DA:35,0
DA:36,0
DA:37,0
DA:39,0
DA:40,0
DA:42,0
DA:43,0
DA:44,0
DA:45,0
DA:46,0
DA:48,0
DA:50,0
DA:53,0
DA:54,0
DA:55,0
DA:61,0
DA:62,0
DA:63,0
DA:64,0
DA:65,0
DA:67,0
DA:69,0
LF:31
LH:0
end_of_record
SF:lib\main.dart
DA:13,0
DA:15,0
DA:16,0
DA:17,0
DA:21,3
DA:24,1
DA:26,1
DA:27,1
DA:28,1
DA:29,1
DA:30,4
DA:32,1
DA:35,1
DA:51,1
LF:14
LH:10
end_of_record
SF:lib\screen\dashboard\dashboard_screen.dart
DA:9,2
DA:11,0
DA:12,0
DA:34,0
DA:35,0
DA:36,0
DA:40,0
DA:42,0
DA:45,0
DA:47,0
DA:48,0
DA:49,0
DA:50,0
DA:51,0
DA:52,0
DA:53,0
DA:55,0
DA:58,0
DA:62,0
DA:64,0
DA:65,0
DA:69,0
DA:70,0
DA:71,0
LF:24
LH:1
end_of_record
SF:lib\screen\login\login_screen.dart
DA:13,2
DA:15,1
DA:16,1
DA:32,1
DA:34,1
DA:35,1
DA:36,3
DA:37,0
DA:38,0
DA:39,0
DA:45,1
DA:46,1
DA:47,0
DA:48,0
DA:49,0
DA:50,0
DA:54,1
DA:56,1
DA:57,1
DA:58,1
DA:59,1
DA:62,1
DA:64,1
DA:65,1
DA:67,1
DA:69,1
DA:71,1
DA:72,1
DA:73,1
DA:74,0
DA:75,0
DA:77,1
DA:80,1
DA:85,1
DA:87,1
DA:88,1
DA:89,1
DA:90,2
DA:91,0
DA:95,1
DA:104,1
DA:105,1
DA:107,1
DA:108,1
DA:111,1
DA:113,1
DA:114,1
DA:115,2
DA:118,1
DA:119,1
DA:120,1
DA:121,1
DA:122,1
DA:123,1
DA:124,1
DA:126,1
DA:131,1
DA:132,1
DA:133,1
DA:140,1
DA:141,1
DA:142,1
DA:143,1
DA:144,1
DA:145,1
DA:148,1
DA:150,0
DA:151,0
DA:154,1
DA:155,1
DA:156,1
DA:157,1
DA:158,1
DA:159,1
DA:160,1
DA:161,1
DA:163,0
DA:164,0
DA:165,0
DA:169,1
DA:170,1
DA:173,1
DA:179,1
DA:180,1
DA:182,1
DA:183,1
DA:184,0
DA:185,0
DA:186,0
DA:187,0
DA:188,0
DA:189,0
DA:191,0
DA:192,0
DA:195,0
DA:196,0
DA:197,0
DA:202,0
DA:207,0
DA:213,0
DA:217,1
DA:218,1
DA:219,0
DA:220,0
DA:221,0
DA:222,0
DA:223,0
DA:224,0
DA:227,0
DA:232,0
DA:265,0
DA:268,0
DA:275,0
DA:279,0
DA:284,0
DA:285,0
DA:286,0
LF:117
LH:73
end_of_record
SF:lib\screen\splashscreen\splash_screen.dart
DA:7,0
DA:9,0
DA:10,0
DA:14,0
DA:16,0
DA:20,0
DA:21,0
DA:22,0
DA:23,0
DA:24,0
DA:25,0
DA:30,0
DA:32,0
DA:34,0
DA:35,0
DA:36,0
DA:37,0
DA:43,0
DA:45,0
DA:46,0
DA:47,0
DA:49,0
LF:22
LH:0
end_of_record
SF:lib\screen\album\album_detail_screen.dart
DA:10,0
DA:12,0
DA:13,0
DA:17,0
DA:19,0
DA:21,0
DA:22,0
DA:23,0
DA:25,0
DA:29,0
DA:31,0
DA:32,0
DA:33,0
DA:34,0
DA:35,0
DA:37,0
DA:40,0
DA:42,0
DA:43,0
DA:44,0
DA:45,0
DA:46,0
DA:47,0
DA:48,0
DA:49,0
DA:50,0
DA:55,0
DA:56,0
DA:58,0
DA:59,0
DA:61,0
DA:62,0
DA:63,0
DA:66,0
DA:67,0
DA:68,0
DA:69,0
DA:70,0
DA:71,0
DA:73,0
DA:74,0
DA:79,0
DA:80,0
DA:82,0
DA:83,0
DA:84,0
DA:103,0
DA:104,0
DA:105,0
DA:108,0
DA:109,0
DA:110,0
DA:111,0
DA:112,0
DA:118,0
DA:119,0
DA:120,0
DA:121,0
DA:125,0
DA:128,0
DA:131,0
LF:61
LH:0
end_of_record
SF:lib\screen\album\album_screen.dart
DA:9,2
DA:11,0
DA:12,0
DA:19,0
DA:21,0
DA:23,0
DA:26,0
DA:27,0
DA:28,0
DA:29,0
DA:30,0
DA:34,0
DA:36,0
DA:38,0
DA:39,0
DA:41,0
DA:43,0
DA:44,0
DA:45,0
DA:46,0
DA:47,0
DA:48,0
DA:51,0
DA:53,0
DA:54,0
DA:58,0
DA:59,0
DA:66,0
LF:28
LH:1
end_of_record
SF:lib\widget\album_item.dart
DA:11,0
DA:13,0
DA:15,0
DA:16,0
DA:17,0
DA:19,0
DA:20,0
DA:24,0
DA:27,0
DA:28,0
DA:29,0
DA:30,0
DA:31,0
DA:34,0
DA:36,0
DA:37,0
DA:38,0
DA:41,0
DA:45,0
DA:46,0
DA:47,0
DA:48,0
DA:49,0
DA:50,0
DA:51,0
DA:59,0
DA:60,0
DA:62,0
DA:63,0
DA:65,0
DA:66,0
DA:67,0
DA:68,0
DA:75,0
DA:77,0
DA:78,0
DA:79,0
DA:80,0
DA:81,0
DA:82,0
DA:86,0
DA:87,0
DA:89,0
LF:43
LH:0
end_of_record
SF:lib\screen\favorite\favorite_screen.dart
DA:10,2
DA:12,0
DA:13,0
DA:22,0
DA:24,0
DA:25,0
DA:26,0
DA:30,0
DA:32,0
DA:33,0
DA:36,0
DA:38,0
DA:39,0
DA:40,0
DA:41,0
DA:43,0
DA:44,0
DA:47,0
DA:48,0
DA:52,0
DA:53,0
DA:54,0
DA:55,0
DA:56,0
DA:57,0
DA:58,0
DA:59,0
DA:61,0
DA:64,0
DA:68,0
DA:69,0
DA:70,0
DA:71,0
DA:75,0
DA:76,0
DA:83,0
LF:36
LH:1
end_of_record
SF:lib\screen\profile\profile_screen.dart
DA:7,0
DA:9,0
DA:10,0
DA:19,0
DA:21,0
DA:22,0
DA:25,0
DA:26,0
DA:27,0
DA:28,0
DA:29,0
DA:30,0
DA:34,0
DA:36,0
DA:37,0
DA:38,0
DA:39,0
DA:40,0
DA:42,0
DA:45,0
DA:47,0
DA:48,0
DA:49,0
DA:52,0
DA:53,0
DA:56,0
DA:57,0
DA:58,0
DA:59,0
DA:66,0
DA:67,0
DA:68,0
DA:69,0
DA:74,0
DA:75,0
DA:77,0
DA:78,0
DA:79,0
DA:80,0
DA:81,0
DA:82,0
DA:83,0
DA:86,0
DA:91,0
DA:92,0
DA:93,0
DA:94,0
DA:96,0
DA:99,0
DA:101,0
LF:50
LH:0
end_of_record
SF:lib\widget\progress_dot.dart
DA:10,0
DA:19,0
DA:23,0
DA:32,0
DA:33,0
DA:40,0
DA:42,0
DA:44,0
DA:45,0
DA:47,0
DA:48,0
DA:51,0
DA:54,0
DA:56,0
DA:57,0
DA:60,0
DA:62,0
DA:63,0
DA:64,0
DA:65,0
DA:67,0
DA:68,0
DA:69,0
DA:72,0
DA:73,0
DA:74,0
DA:75,0
DA:76,0
DA:85,0
DA:86,0
DA:87,0
DA:89,0
DA:98,0
DA:107,0
DA:111,0
DA:120,0
DA:121,0
DA:128,0
DA:130,0
DA:132,0
DA:133,0
DA:135,0
DA:136,0
DA:139,0
DA:142,0
DA:144,0
DA:145,0
DA:148,0
DA:150,0
DA:151,0
DA:152,0
DA:153,0
DA:155,0
DA:156,0
DA:157,0
DA:158,0
DA:159,0
DA:160,0
DA:161,0
DA:170,0
DA:171,0
DA:172,0
DA:174,0
DA:183,0
DA:192,0
DA:196,0
DA:205,0
DA:206,0
DA:213,0
DA:215,0
DA:217,0
DA:218,0
DA:220,0
DA:221,0
DA:224,0
DA:227,0
DA:229,0
DA:230,0
DA:233,0
DA:235,0
DA:236,0
DA:237,0
DA:238,0
DA:240,0
DA:241,0
DA:242,0
DA:243,0
DA:244,0
DA:245,0
DA:246,0
DA:255,0
DA:256,0
DA:257,0
DA:259,0
LF:94
LH:0
end_of_record
SF:lib\util\delay_tween.dart
DA:6,0
DA:7,0
DA:11,0
DA:13,0
DA:15,0
DA:16,0
DA:20,0
DA:21,0
DA:25,0
DA:27,0
DA:30,0
DA:31,0
LF:12
LH:0
end_of_record
